<?xml version="1.0" encoding="UTF-8"?>
<!-- Generated by org.testng.reporters.JUnitReportReporter -->
<testsuite hostname="KUNALSHELKE" failures="0" tests="1" name="A.Requests" time="2.992" errors="0" timestamp="2022-08-15T13:04:21 IST" skipped="0">
  <testcase classname="A.Requests" name="getRequest" time="2.992"/>
  <system-out/>
</testsuite> <!-- A.Requests -->
