<?xml version="1.0" encoding="UTF-8"?>
<!-- Generated by org.testng.reporters.JUnitReportReporter -->
<testsuite hostname="KUNAL_SHELKE" failures="0" tests="1" name="Serilisation_Deserielisation.postRequest" time="4.773" errors="0" timestamp="2022-08-20T21:12:19 IST" skipped="0">
  <testcase classname="Serilisation_Deserielisation.postRequest" name="postRequest1" time="4.773"/>
  <system-out/>
</testsuite> <!-- Serilisation_Deserielisation.postRequest -->
