<?xml version="1.0" encoding="UTF-8"?>
<!-- Generated by org.testng.reporters.JUnitReportReporter -->
<testsuite hostname="KUNAL_SHELKE" failures="0" tests="1" name="Team_RCB.Team_RCB" time="1.413" errors="0" timestamp="2022-08-22T14:10:05 IST" skipped="0">
  <testcase classname="Team_RCB.Team_RCB" name="RCBparcing" time="1.413"/>
  <system-out/>
</testsuite> <!-- Team_RCB.Team_RCB -->
